2025-01-09 19:39:39,264 - multi_filter_search - INFO - Starting search with 2 conditions, page=1, per_page=10
2025-01-09 19:39:39,264 - multi_filter_search - INFO - Processing condition 1: strategy=wordmark, query=bull dog
2025-01-09 19:39:39,266 - multi_filter_search - INFO - Processing condition 2: strategy=international_class, query=017
2025-01-09 19:39:41,176 - multi_filter_search - INFO - Found 3 total results in 1.89s
2025-01-09 19:39:41,409 - multi_filter_search - INFO - Query executed in 0.23s, total processing time: 2.15s
2025-01-09 19:39:41,504 - werkzeug - INFO - 127.0.0.1 - - [09/Jan/2025 19:39:41] "POST /api/combined_search HTTP/1.1" 200 -
2025-01-09 19:43:30,486 - werkzeug - INFO - 127.0.0.1 - - [09/Jan/2025 19:43:30] "GET /api/case/73199066 HTTP/1.1" 200 -
2025-01-09 19:44:43,593 - werkzeug - INFO - 127.0.0.1 - - [09/Jan/2025 19:44:43] "OPTIONS /api/combined_search HTTP/1.1" 200 -
2025-01-09 19:44:43,597 - multi_filter_search - INFO - Starting search with 3 conditions, page=1, per_page=10
2025-01-09 19:44:43,597 - multi_filter_search - INFO - Processing condition 1: strategy=wordmark, query=bull dog
2025-01-09 19:44:43,602 - multi_filter_search - INFO - Processing condition 2: strategy=international_class, query=017
2025-01-09 19:44:43,603 - multi_filter_search - INFO - Processing condition 3: strategy=filing_date, query=1979-01-05
2025-01-09 19:44:43,948 - multi_filter_search - INFO - Found 1 total results in 0.34s
2025-01-09 19:44:43,949 - multi_filter_search - ERROR - Error in multi_filter_search: serial_number
Traceback (most recent call last):
  File "/Users/davidzachariahvm/trademarks/venv/lib/python3.13/site-packages/sqlalchemy/sql/base.py", line 1617, in __getattr__
    return self._index[key][1]
           ~~~~~~~~~~~^^^^^
KeyError: 'serial_number'

The above exception was the direct cause of the following exception:

Traceback (most recent call last):
  File "/Users/davidzachariahvm/trademarks/backend/multi_filter_search.py", line 117, in multi_filter_search
    .join(combined_cte, combined_cte.c.serial_number == CaseFile.serial_number)
                        ^^^^^^^^^^^^^^^^^^^^^^^^^^^^
  File "/Users/davidzachariahvm/trademarks/venv/lib/python3.13/site-packages/sqlalchemy/sql/base.py", line 1619, in __getattr__
    raise AttributeError(key) from err
AttributeError: serial_number
2025-01-09 19:44:44,031 - werkzeug - INFO - 127.0.0.1 - - [09/Jan/2025 19:44:44] "[35m[1mPOST /api/combined_search HTTP/1.1[0m" 500 -
2025-01-09 19:59:21,319 - werkzeug - INFO - 127.0.0.1 - - [09/Jan/2025 19:59:21] "OPTIONS /api/combined_search HTTP/1.1" 200 -
2025-01-09 19:59:21,322 - multi_filter_search - INFO - Starting search with 1 conditions, page=1, per_page=10
2025-01-09 19:59:21,323 - multi_filter_search - INFO - Processing condition 1: strategy=filing_date, query=1979-01-05
2025-01-09 19:59:21,511 - multi_filter_search - INFO - Found 11 total results in 0.18s
2025-01-09 19:59:21,604 - multi_filter_search - INFO - Query executed in 0.09s, total processing time: 0.28s
2025-01-09 19:59:21,679 - werkzeug - INFO - 127.0.0.1 - - [09/Jan/2025 19:59:21] "POST /api/combined_search HTTP/1.1" 200 -
2025-01-09 20:05:48,847 - werkzeug - INFO - 127.0.0.1 - - [09/Jan/2025 20:05:48] "GET /api/case/73199017 HTTP/1.1" 200 -
2025-01-09 20:06:26,675 - werkzeug - INFO - 127.0.0.1 - - [09/Jan/2025 20:06:26] "OPTIONS /api/combined_search HTTP/1.1" 200 -
2025-01-09 20:06:26,678 - multi_filter_search - INFO - Starting search with 2 conditions, page=1, per_page=10
2025-01-09 20:06:26,679 - multi_filter_search - INFO - Processing condition 1: strategy=filing_date, query=1979-01-05
2025-01-09 20:06:26,679 - multi_filter_search - INFO - Processing condition 2: strategy=int_reg_date, query=1983-03-08
2025-01-09 20:06:26,848 - multi_filter_search - INFO - Found 11 total results in 0.17s
2025-01-09 20:06:26,961 - multi_filter_search - INFO - Query executed in 0.11s, total processing time: 0.28s
2025-01-09 20:06:27,037 - werkzeug - INFO - 127.0.0.1 - - [09/Jan/2025 20:06:27] "POST /api/combined_search HTTP/1.1" 200 -
2025-01-09 20:06:32,872 - werkzeug - INFO - 127.0.0.1 - - [09/Jan/2025 20:06:32] "GET /api/case/73199029 HTTP/1.1" 200 -
2025-01-09 20:07:48,982 - werkzeug - INFO - 127.0.0.1 - - [09/Jan/2025 20:07:48] "OPTIONS /api/combined_search HTTP/1.1" 200 -
2025-01-09 20:07:48,986 - multi_filter_search - INFO - Starting search with 2 conditions, page=1, per_page=10
2025-01-09 20:07:48,986 - multi_filter_search - INFO - Processing condition 1: strategy=filing_date, query=1979-01-05
2025-01-09 20:07:48,991 - multi_filter_search - INFO - Processing condition 2: strategy=registration_date, query=1983-03-08
2025-01-09 20:07:49,268 - multi_filter_search - INFO - Found 1 total results in 0.27s
2025-01-09 20:07:49,372 - multi_filter_search - INFO - Query executed in 0.10s, total processing time: 0.39s
2025-01-09 20:07:49,456 - werkzeug - INFO - 127.0.0.1 - - [09/Jan/2025 20:07:49] "POST /api/combined_search HTTP/1.1" 200 -
2025-01-09 20:13:54,651 - werkzeug - INFO - 127.0.0.1 - - [09/Jan/2025 20:13:54] "OPTIONS /api/combined_search HTTP/1.1" 200 -
2025-01-09 20:13:54,659 - multi_filter_search - INFO - Starting search with 1 conditions, page=1, per_page=10
2025-01-09 20:13:54,660 - multi_filter_search - INFO - Processing condition 1: strategy=wordmark, query=bull dog
2025-01-09 20:13:54,971 - multi_filter_search - INFO - Found 16 total results in 0.30s
2025-01-09 20:13:55,207 - multi_filter_search - INFO - Query executed in 0.24s, total processing time: 0.55s
2025-01-09 20:13:55,283 - werkzeug - INFO - 127.0.0.1 - - [09/Jan/2025 20:13:55] "POST /api/combined_search HTTP/1.1" 200 -
2025-01-09 20:14:04,971 - werkzeug - INFO - 127.0.0.1 - - [09/Jan/2025 20:14:04] "GET /api/case/73220202 HTTP/1.1" 200 -
2025-01-09 20:14:21,616 - werkzeug - INFO - 127.0.0.1 - - [09/Jan/2025 20:14:21] "OPTIONS /api/combined_search HTTP/1.1" 200 -
2025-01-09 20:14:21,619 - multi_filter_search - INFO - Starting search with 1 conditions, page=1, per_page=10
2025-01-09 20:14:21,619 - multi_filter_search - INFO - Processing condition 1: strategy=attorney, query=Howard F. Feinman
2025-01-09 20:14:22,013 - multi_filter_search - INFO - Found 25 total results in 0.39s
2025-01-09 20:14:22,384 - multi_filter_search - INFO - Query executed in 0.37s, total processing time: 0.76s
2025-01-09 20:14:22,459 - werkzeug - INFO - 127.0.0.1 - - [09/Jan/2025 20:14:22] "POST /api/combined_search HTTP/1.1" 200 -
2025-01-09 20:14:25,819 - werkzeug - INFO - 127.0.0.1 - - [09/Jan/2025 20:14:25] "GET /api/case/73236313 HTTP/1.1" 200 -
2025-01-09 20:14:26,515 - werkzeug - INFO - 127.0.0.1 - - [09/Jan/2025 20:14:26] "GET /api/case/73236313 HTTP/1.1" 200 -
2025-01-09 20:15:54,861 - werkzeug - INFO - 127.0.0.1 - - [09/Jan/2025 20:15:54] "OPTIONS /api/combined_search HTTP/1.1" 200 -
2025-01-09 20:15:54,865 - multi_filter_search - INFO - Starting search with 1 conditions, page=1, per_page=10
2025-01-09 20:15:54,865 - multi_filter_search - INFO - Processing condition 1: strategy=wordmark, query=bull dog
2025-01-09 20:15:55,152 - multi_filter_search - INFO - Found 16 total results in 0.28s
2025-01-09 20:15:55,330 - multi_filter_search - INFO - Query executed in 0.18s, total processing time: 0.46s
2025-01-09 20:15:55,405 - werkzeug - INFO - 127.0.0.1 - - [09/Jan/2025 20:15:55] "POST /api/combined_search HTTP/1.1" 200 -
2025-01-09 20:15:57,704 - werkzeug - INFO - 127.0.0.1 - - [09/Jan/2025 20:15:57] "GET /api/case/73220202 HTTP/1.1" 200 -
2025-01-09 20:15:57,752 - werkzeug - INFO - 127.0.0.1 - - [09/Jan/2025 20:15:57] "GET /api/case/73220202 HTTP/1.1" 200 -
2025-01-09 20:16:17,298 - werkzeug - INFO - 127.0.0.1 - - [09/Jan/2025 20:16:17] "OPTIONS /api/combined_search HTTP/1.1" 200 -
2025-01-09 20:16:17,302 - multi_filter_search - INFO - Starting search with 3 conditions, page=1, per_page=10
2025-01-09 20:16:17,303 - multi_filter_search - INFO - Processing condition 1: strategy=wordmark, query=bull dog
2025-01-09 20:16:17,312 - multi_filter_search - INFO - Processing condition 2: strategy=international_class, query=017
2025-01-09 20:16:17,313 - multi_filter_search - INFO - Processing condition 3: strategy=drawing_code_type, query=3000
2025-01-09 20:16:17,618 - multi_filter_search - INFO - Found 0 total results in 0.30s
2025-01-09 20:16:17,619 - multi_filter_search - ERROR - Error in multi_filter_search: serial_number
Traceback (most recent call last):
  File "/Users/davidzachariahvm/trademarks/venv/lib/python3.13/site-packages/sqlalchemy/sql/base.py", line 1617, in __getattr__
    return self._index[key][1]
           ~~~~~~~~~~~^^^^^
KeyError: 'serial_number'

The above exception was the direct cause of the following exception:

Traceback (most recent call last):
  File "/Users/davidzachariahvm/trademarks/backend/multi_filter_search.py", line 117, in multi_filter_search
    .join(combined_cte, combined_cte.c.serial_number == CaseFile.serial_number)
                        ^^^^^^^^^^^^^^^^^^^^^^^^^^^^
  File "/Users/davidzachariahvm/trademarks/venv/lib/python3.13/site-packages/sqlalchemy/sql/base.py", line 1619, in __getattr__
    raise AttributeError(key) from err
AttributeError: serial_number
2025-01-09 20:16:17,696 - werkzeug - INFO - 127.0.0.1 - - [09/Jan/2025 20:16:17] "[35m[1mPOST /api/combined_search HTTP/1.1[0m" 500 -
2025-01-09 20:28:38,386 - werkzeug - INFO - 127.0.0.1 - - [09/Jan/2025 20:28:38] "OPTIONS /api/combined_search HTTP/1.1" 200 -
2025-01-09 20:28:38,390 - multi_filter_search - INFO - Starting search with 1 conditions, page=1, per_page=10
2025-01-09 20:28:38,391 - multi_filter_search - INFO - Processing condition 1: strategy=filing_date, query=1979-01-05
2025-01-09 20:28:38,575 - multi_filter_search - INFO - Found 11 total results in 0.18s
2025-01-09 20:28:38,667 - multi_filter_search - INFO - Query executed in 0.09s, total processing time: 0.28s
2025-01-09 20:28:38,746 - werkzeug - INFO - 127.0.0.1 - - [09/Jan/2025 20:28:38] "POST /api/combined_search HTTP/1.1" 200 -
2025-01-09 20:37:14,823 - werkzeug - INFO -  * Detected change in '/Users/davidzachariahvm/trademarks/backend/multi_filter_search.py', reloading
2025-01-09 20:37:52,006 - multi_filter_search - INFO - Starting search with 3 conditions, page=1, per_page=10
2025-01-09 20:37:52,009 - multi_filter_search - INFO - Processing condition 1: strategy=wordmark, query=bull dog
2025-01-09 20:37:52,014 - multi_filter_search - INFO - Processing condition 2: strategy=international_class, query=017
2025-01-09 20:37:52,015 - multi_filter_search - INFO - Processing condition 3: strategy=drawing_code_type, query=3000
2025-01-09 20:37:52,015 - multi_filter_search - ERROR - Error in multi_filter_search: 'Query' object has no attribute 'c'
Traceback (most recent call last):
  File "/Users/davidzachariahvm/trademarks/backend/multi_filter_search.py", line 85, in multi_filter_search
    subq_serial_col = subq.c.serial_number
                      ^^^^^^
AttributeError: 'Query' object has no attribute 'c'
2025-01-09 20:37:52,017 - werkzeug - INFO - 127.0.0.1 - - [09/Jan/2025 20:37:52] "[35m[1mPOST /api/combined_search HTTP/1.1[0m" 500 -
2025-01-09 20:37:54,412 - multi_filter_search - INFO - Starting search with 3 conditions, page=1, per_page=10
2025-01-09 20:37:54,413 - multi_filter_search - INFO - Processing condition 1: strategy=wordmark, query=bull dog
2025-01-09 20:37:54,414 - multi_filter_search - INFO - Processing condition 2: strategy=international_class, query=017
2025-01-09 20:37:54,414 - multi_filter_search - INFO - Processing condition 3: strategy=drawing_code_type, query=3000
2025-01-09 20:37:54,414 - multi_filter_search - ERROR - Error in multi_filter_search: 'Query' object has no attribute 'c'
Traceback (most recent call last):
  File "/Users/davidzachariahvm/trademarks/backend/multi_filter_search.py", line 85, in multi_filter_search
    subq_serial_col = subq.c.serial_number
                      ^^^^^^
AttributeError: 'Query' object has no attribute 'c'
2025-01-09 20:37:54,415 - werkzeug - INFO - 127.0.0.1 - - [09/Jan/2025 20:37:54] "[35m[1mPOST /api/combined_search HTTP/1.1[0m" 500 -
2025-01-09 20:37:55,388 - multi_filter_search - INFO - Starting search with 3 conditions, page=1, per_page=10
2025-01-09 20:37:55,388 - multi_filter_search - INFO - Processing condition 1: strategy=wordmark, query=bull dog
2025-01-09 20:37:55,389 - multi_filter_search - INFO - Processing condition 2: strategy=international_class, query=017
2025-01-09 20:37:55,389 - multi_filter_search - INFO - Processing condition 3: strategy=drawing_code_type, query=3000
2025-01-09 20:37:55,389 - multi_filter_search - ERROR - Error in multi_filter_search: 'Query' object has no attribute 'c'
Traceback (most recent call last):
  File "/Users/davidzachariahvm/trademarks/backend/multi_filter_search.py", line 85, in multi_filter_search
    subq_serial_col = subq.c.serial_number
                      ^^^^^^
AttributeError: 'Query' object has no attribute 'c'
2025-01-09 20:37:55,390 - werkzeug - INFO - 127.0.0.1 - - [09/Jan/2025 20:37:55] "[35m[1mPOST /api/combined_search HTTP/1.1[0m" 500 -
2025-01-09 20:38:25,243 - multi_filter_search - INFO - Starting search with 3 conditions, page=1, per_page=10
2025-01-09 20:38:25,244 - multi_filter_search - INFO - Processing condition 1: strategy=wordmark, query=bull dog
2025-01-09 20:38:25,246 - multi_filter_search - INFO - Processing condition 2: strategy=international_class, query=017
2025-01-09 20:38:25,247 - multi_filter_search - INFO - Processing condition 3: strategy=drawing_code_type, query=3000
2025-01-09 20:38:25,247 - multi_filter_search - ERROR - Error in multi_filter_search: 'Query' object has no attribute 'c'
Traceback (most recent call last):
  File "/Users/davidzachariahvm/trademarks/backend/multi_filter_search.py", line 85, in multi_filter_search
    subq_serial_col = subq.c.serial_number
                      ^^^^^^
AttributeError: 'Query' object has no attribute 'c'
2025-01-09 20:38:25,251 - werkzeug - INFO - 127.0.0.1 - - [09/Jan/2025 20:38:25] "[35m[1mPOST /api/combined_search HTTP/1.1[0m" 500 -
2025-01-09 20:42:11,132 - werkzeug - INFO -  * Detected change in '/Users/davidzachariahvm/trademarks/backend/multi_filter_search.py', reloading
2025-01-09 20:43:04,189 - multi_filter_search - INFO - Starting search with 3 conditions, page=1, per_page=10
2025-01-09 20:43:04,190 - multi_filter_search - INFO - Processing condition 1: strategy=wordmark, query=bull dog
2025-01-09 20:43:04,200 - multi_filter_search - INFO - Processing condition 2: strategy=international_class, query=017
2025-01-09 20:43:04,200 - multi_filter_search - INFO - Processing condition 3: strategy=drawing_code_type, query=3000
2025-01-09 20:43:04,200 - multi_filter_search - ERROR - Error in multi_filter_search: 'Subquery' object has no attribute 'intersect'
Traceback (most recent call last):
  File "/Users/davidzachariahvm/trademarks/backend/multi_filter_search.py", line 91, in multi_filter_search
    combined_query = combined_query.intersect(subq)
                     ^^^^^^^^^^^^^^^^^^^^^^^^
AttributeError: 'Subquery' object has no attribute 'intersect'
2025-01-09 20:43:04,202 - werkzeug - INFO - 127.0.0.1 - - [09/Jan/2025 20:43:04] "[35m[1mPOST /api/combined_search HTTP/1.1[0m" 500 -
2025-01-09 20:47:56,676 - werkzeug - INFO -  * Detected change in '/Users/davidzachariahvm/trademarks/backend/multi_filter_search.py', reloading
2025-01-09 20:48:10,350 - multi_filter_search - INFO - Starting search with 3 conditions, page=1, per_page=10
2025-01-09 20:48:10,352 - multi_filter_search - INFO - Processing condition 1: strategy=wordmark, query=bull dog
2025-01-09 20:48:10,355 - multi_filter_search - INFO - Processing condition 2: strategy=international_class, query=017
2025-01-09 20:48:10,355 - multi_filter_search - INFO - Processing condition 3: strategy=drawing_code_type, query=3000
2025-01-09 20:48:10,356 - multi_filter_search - ERROR - Error in multi_filter_search: 'Subquery' object has no attribute 'cte'
Traceback (most recent call last):
  File "/Users/davidzachariahvm/trademarks/backend/multi_filter_search.py", line 97, in multi_filter_search
    combined_cte = combined_query.cte('combined_serials')
                   ^^^^^^^^^^^^^^^^^^
AttributeError: 'Subquery' object has no attribute 'cte'
2025-01-09 20:48:10,357 - werkzeug - INFO - 127.0.0.1 - - [09/Jan/2025 20:48:10] "[35m[1mPOST /api/combined_search HTTP/1.1[0m" 500 -
2025-01-09 20:50:26,560 - werkzeug - INFO -  * Detected change in '/Users/davidzachariahvm/trademarks/backend/multi_filter_search.py', reloading
2025-01-09 20:51:20,930 - multi_filter_search - INFO - Starting search with 3 conditions, page=1, per_page=10
2025-01-09 20:51:20,931 - multi_filter_search - INFO - Processing condition 1: strategy=wordmark, query=bull dog
2025-01-09 20:51:20,935 - multi_filter_search - INFO - Processing condition 2: strategy=international_class, query=017
2025-01-09 20:51:20,935 - multi_filter_search - INFO - Processing condition 3: strategy=drawing_code_type, query=3000
2025-01-09 20:51:22,843 - multi_filter_search - INFO - Found 0 total results in 1.91s
2025-01-09 20:51:23,095 - multi_filter_search - INFO - Query executed in 0.25s, total processing time: 2.16s
2025-01-09 20:51:23,173 - werkzeug - INFO - 127.0.0.1 - - [09/Jan/2025 20:51:23] "POST /api/combined_search HTTP/1.1" 200 -
2025-01-09 20:51:42,864 - werkzeug - INFO - 127.0.0.1 - - [09/Jan/2025 20:51:42] "OPTIONS /api/combined_search HTTP/1.1" 200 -
2025-01-09 20:51:42,874 - multi_filter_search - INFO - Starting search with 2 conditions, page=1, per_page=10
2025-01-09 20:51:42,874 - multi_filter_search - INFO - Processing condition 1: strategy=wordmark, query=bull dog
2025-01-09 20:51:42,876 - multi_filter_search - INFO - Processing condition 2: strategy=international_class, query=017
2025-01-09 20:51:43,168 - multi_filter_search - INFO - Found 3 total results in 0.29s
2025-01-09 20:51:43,374 - multi_filter_search - INFO - Query executed in 0.21s, total processing time: 0.50s
2025-01-09 20:51:43,449 - werkzeug - INFO - 127.0.0.1 - - [09/Jan/2025 20:51:43] "POST /api/combined_search HTTP/1.1" 200 -
2025-01-09 20:52:08,022 - werkzeug - INFO - 127.0.0.1 - - [09/Jan/2025 20:52:08] "OPTIONS /api/combined_search HTTP/1.1" 200 -
2025-01-09 20:52:08,027 - multi_filter_search - INFO - Starting search with 3 conditions, page=1, per_page=10
2025-01-09 20:52:08,027 - multi_filter_search - INFO - Processing condition 1: strategy=wordmark, query=bull dog
2025-01-09 20:52:08,029 - multi_filter_search - INFO - Processing condition 2: strategy=international_class, query=017
2025-01-09 20:52:08,030 - multi_filter_search - INFO - Processing condition 3: strategy=filing_date, query=1979-01-05
2025-01-09 20:52:08,330 - multi_filter_search - INFO - Found 1 total results in 0.29s
2025-01-09 20:52:08,546 - multi_filter_search - INFO - Query executed in 0.22s, total processing time: 0.52s
2025-01-09 20:52:08,624 - werkzeug - INFO - 127.0.0.1 - - [09/Jan/2025 20:52:08] "POST /api/combined_search HTTP/1.1" 200 -
2025-01-10 00:01:56,506 - werkzeug - INFO - 127.0.0.1 - - [10/Jan/2025 00:01:56] "GET /api/case/73199066 HTTP/1.1" 200 -
2025-01-10 00:01:56,977 - werkzeug - INFO - 127.0.0.1 - - [10/Jan/2025 00:01:56] "GET /api/case/73199066 HTTP/1.1" 200 -
2025-01-10 00:02:46,340 - werkzeug - INFO - 127.0.0.1 - - [10/Jan/2025 00:02:46] "OPTIONS /api/combined_search HTTP/1.1" 200 -
2025-01-10 00:02:46,344 - multi_filter_search - INFO - Starting search with 1 conditions, page=1, per_page=10
2025-01-10 00:02:46,345 - multi_filter_search - INFO - Processing condition 1: strategy=wordmark, query=accurate finish
2025-01-10 00:02:46,706 - multi_filter_search - INFO - Found 15 total results in 0.35s
2025-01-10 00:02:46,931 - multi_filter_search - INFO - Query executed in 0.22s, total processing time: 0.59s
2025-01-10 00:02:47,014 - werkzeug - INFO - 127.0.0.1 - - [10/Jan/2025 00:02:47] "POST /api/combined_search HTTP/1.1" 200 -
2025-01-10 01:00:45,869 - werkzeug - INFO - 127.0.0.1 - - [10/Jan/2025 01:00:45] "OPTIONS /api/combined_search HTTP/1.1" 200 -
2025-01-10 01:00:45,876 - multi_filter_search - INFO - Starting search with 1 conditions, page=1, per_page=10
2025-01-10 01:00:45,879 - multi_filter_search - INFO - Processing condition 1: strategy=wordmark, query=bull dog
2025-01-10 01:00:46,296 - multi_filter_search - INFO - Found 16 total results in 0.41s
2025-01-10 01:00:46,533 - multi_filter_search - INFO - Query executed in 0.24s, total processing time: 0.66s
2025-01-10 01:00:46,648 - werkzeug - INFO - 127.0.0.1 - - [10/Jan/2025 01:00:46] "POST /api/combined_search HTTP/1.1" 200 -
2025-01-10 01:04:50,057 - werkzeug - INFO - 127.0.0.1 - - [10/Jan/2025 01:04:50] "OPTIONS /api/combined_search HTTP/1.1" 200 -
2025-01-10 01:04:50,063 - multi_filter_search - INFO - Starting search with 2 conditions, page=1, per_page=10
2025-01-10 01:04:50,065 - multi_filter_search - INFO - Processing condition 1: strategy=wordmark, query=bull dog
2025-01-10 01:04:50,076 - multi_filter_search - INFO - Processing condition 2: strategy=standard_character_claim, query=true
2025-01-10 01:04:50,371 - multi_filter_search - INFO - Found 479 total results in 0.29s
2025-01-10 01:04:50,637 - multi_filter_search - INFO - Query executed in 0.27s, total processing time: 0.57s
2025-01-10 01:04:50,755 - werkzeug - INFO - 127.0.0.1 - - [10/Jan/2025 01:04:50] "POST /api/combined_search HTTP/1.1" 200 -
